<?xml version="1.0" encoding="UTF-8"?>
<!-- Generated by org.testng.reporters.JUnitReportReporter -->
<testsuite skipped="0" hostname="Superusers-MacBook-Pro.local" name="com.nagp.devops.Devops" tests="1" failures="0" timestamp="12 Jan 2021 06:24:49 GMT" time="0.021" errors="0">
  <testcase name="helloAssignment" time="0.021" classname="com.nagp.devops.Devops"/>
</testsuite> <!-- com.nagp.devops.Devops -->
